<?xml version="1.0" encoding="UTF-8"?>
<testsuite xmlns:xsi="http://www.w3.org/2001/XMLSchema-instance" xsi:noNamespaceSchemaLocation="https://maven.apache.org/surefire/maven-surefire-plugin/xsd/surefire-test-report.xsd" version="3.0.2" name="com.itxiaoyang.LogTest" time="0.168" tests="1" errors="0" skipped="0" failures="0">
  <properties>
[...]
</properties>
  <testcase name="testLog" classname="com.itxiaoyang.LogTest" time="0.023">
    <system-out><![CDATA[2025-12-01 10:59:06.663 [main] DEBUG com.itxiaoyang.LogTest-开始计算...
2025-12-01 10:59:06.666 [main] INFO  com.itxiaoyang.LogTest-计算结果为: 101
2025-12-01 10:59:06.667 [main] DEBUG com.itxiaoyang.LogTest-结束计算...
]]></system-out>
  </testcase>
</testsuite>