<?xml version="1.0" encoding="UTF-8"?>
<testsuite xmlns:xsi="http://www.w3.org/2001/XMLSchema-instance" xsi:noNamespaceSchemaLocation="https://maven.apache.org/surefire/maven-surefire-plugin/xsd/surefire-test-report.xsd" version="3.0.2" name="com.itxiaoyang.TliasWebManagementApplicationTests" time="2.763" tests="1" errors="0" skipped="0" failures="0">
  <properties>
[...]
</properties>
  <testcase name="contextLoads" classname="com.itxiaoyang.TliasWebManagementApplicationTests" time="0.676">
    <system-out><![CDATA[2025-12-01 10:59:06.705 [main] TRACE org.springframework.test.context.BootstrapUtils-Instantiating CacheAwareContextLoaderDelegate from class [org.springframework.test.context.cache.DefaultCacheAwareContextLoaderDelegate]
2025-12-01 10:59:06.729 [main] TRACE o.s.core.io.support.SpringFactoriesLoader-Loaded [org.springframework.test.context.ApplicationContextFailureProcessor] names: []
2025-12-01 10:59:06.731 [main] TRACE o.s.t.context.util.TestContextSpringFactoriesUtils-Loaded ApplicationContextFailureProcessor implementations from location [META-INF/spring.factories]: []
2025-12-01 10:59:06.733 [main] TRACE org.springframework.test.context.BootstrapUtils-Instantiating BootstrapContext using constructor [public org.springframework.test.context.support.DefaultBootstrapContext(java.lang.Class,org.springframework.test.context.CacheAwareContextLoaderDelegate)]
2025-12-01 10:59:06.771 [main] TRACE org.springframework.test.context.BootstrapUtils-Instantiating TestContextBootstrapper for test class [com.itxiaoyang.TliasWebManagementApplicationTests] from class [org.springframework.boot.test.context.SpringBootTestContextBootstrapper]
2025-12-01 10:59:06.778 [main] TRACE o.s.b.t.context.SpringBootTestContextBootstrapper-Resolving ContextLoader for context configuration attributes [ContextConfigurationAttributes@52066604 declaringClass = com.itxiaoyang.TliasWebManagementApplicationTests, classes = [], locations = [], inheritLocations = false, initializers = [], inheritInitializers = true, name = null, contextLoaderClass = org.springframework.test.context.ContextLoader]
2025-12-01 10:59:06.779 [main] TRACE o.s.b.t.context.SpringBootTestContextBootstrapper-Using ContextLoader class [org.springframework.boot.test.context.SpringBootContextLoader] for test class [com.itxiaoyang.TliasWebManagementApplicationTests]
2025-12-01 10:59:06.783 [main] TRACE o.s.b.t.context.SpringBootTestContextBootstrapper-Neither @ContextConfiguration nor @ContextHierarchy found for test class [com.itxiaoyang.TliasWebManagementApplicationTests]: using org.springframework.boot.test.context.SpringBootContextLoader
2025-12-01 10:59:06.785 [main] TRACE o.s.b.t.context.SpringBootTestContextBootstrapper-Resolving ContextLoader for context configuration attributes [ContextConfigurationAttributes@52066604 declaringClass = com.itxiaoyang.TliasWebManagementApplicationTests, classes = [], locations = [], inheritLocations = false, initializers = [], inheritInitializers = true, name = null, contextLoaderClass = org.springframework.test.context.ContextLoader]
2025-12-01 10:59:06.785 [main] TRACE o.s.b.t.context.SpringBootTestContextBootstrapper-Using ContextLoader class [org.springframework.boot.test.context.SpringBootContextLoader] for test class [com.itxiaoyang.TliasWebManagementApplicationTests]
2025-12-01 10:59:06.785 [main] TRACE o.s.b.t.context.SpringBootTestContextBootstrapper-Processing locations and classes for context configuration attributes [ContextConfigurationAttributes@52066604 declaringClass = com.itxiaoyang.TliasWebManagementApplicationTests, classes = [], locations = [], inheritLocations = false, initializers = [], inheritInitializers = true, name = null, contextLoaderClass = org.springframework.test.context.ContextLoader]
2025-12-01 10:59:06.787 [main] TRACE o.s.test.context.support.AbstractContextLoader-Did not detect default resource location for test class [com.itxiaoyang.TliasWebManagementApplicationTests]: class path resource [com/itxiaoyang/TliasWebManagementApplicationTests-context.xml] does not exist
2025-12-01 10:59:06.787 [main] TRACE o.s.test.context.support.AbstractContextLoader-Did not detect default resource location for test class [com.itxiaoyang.TliasWebManagementApplicationTests]: class path resource [com/itxiaoyang/TliasWebManagementApplicationTestsContext.groovy] does not exist
2025-12-01 10:59:06.787 [main] DEBUG o.s.test.context.support.AbstractContextLoader-Could not detect default resource locations for test class [com.itxiaoyang.TliasWebManagementApplicationTests]: no resource found for suffixes {-context.xml, Context.groovy}.
2025-12-01 10:59:06.787 [main] INFO  o.s.t.c.support.AnnotationConfigContextLoaderUtils-Could not detect default configuration classes for test class [com.itxiaoyang.TliasWebManagementApplicationTests]: TliasWebManagementApplicationTests does not declare any static, non-private, non-final, nested classes annotated with @Configuration.
2025-12-01 10:59:06.788 [main] TRACE o.s.b.t.context.SpringBootTestContextBootstrapper-@ContextCustomizerFactories is not present for class [com.itxiaoyang.TliasWebManagementApplicationTests]
2025-12-01 10:59:06.788 [main] TRACE o.s.core.io.support.SpringFactoriesLoader-Loaded [org.springframework.test.context.ContextCustomizerFactory] names: [org.springframework.boot.test.context.ImportsContextCustomizerFactory, org.springframework.boot.test.context.filter.ExcludeFilterContextCustomizerFactory, org.springframework.boot.test.graphql.tester.HttpGraphQlTesterContextCustomizerFactory, org.springframework.boot.test.json.DuplicateJsonObjectContextCustomizerFactory, org.springframework.boot.test.mock.mockito.MockitoContextCustomizerFactory, org.springframework.boot.test.web.client.TestRestTemplateContextCustomizerFactory, org.springframework.boot.test.web.reactive.server.WebTestClientContextCustomizerFactory, org.springframework.boot.test.web.reactor.netty.DisableReactorResourceFactoryGlobalResourcesContextCustomizerFactory, org.springframework.boot.test.autoconfigure.OnFailureConditionReportContextCustomizerFactory, org.springframework.boot.test.autoconfigure.OverrideAutoConfigurationContextCustomizerFactory, org.springframework.boot.test.autoconfigure.actuate.observability.ObservabilityContextCustomizerFactory, org.springframework.boot.test.autoconfigure.filter.TypeExcludeFiltersContextCustomizerFactory, org.springframework.boot.test.autoconfigure.properties.PropertyMappingContextCustomizerFactory, org.springframework.boot.test.autoconfigure.web.servlet.WebDriverContextCustomizerFactory, org.springframework.test.context.bean.override.BeanOverrideContextCustomizerFactory, org.springframework.test.context.web.socket.MockServerContainerContextCustomizerFactory, org.springframework.test.context.support.DynamicPropertiesContextCustomizerFactory]
2025-12-01 10:59:06.799 [main] TRACE o.s.t.context.util.TestContextSpringFactoriesUtils-Loaded ContextCustomizerFactory implementations from location [META-INF/spring.factories]: [org.springframework.boot.test.context.ImportsContextCustomizerFactory, org.springframework.boot.test.context.filter.ExcludeFilterContextCustomizerFactory, org.springframework.boot.test.graphql.tester.HttpGraphQlTesterContextCustomizerFactory, org.springframework.boot.test.json.DuplicateJsonObjectContextCustomizerFactory, org.springframework.boot.test.mock.mockito.MockitoContextCustomizerFactory, org.springframework.boot.test.web.client.TestRestTemplateContextCustomizerFactory, org.springframework.boot.test.web.reactive.server.WebTestClientContextCustomizerFactory, org.springframework.boot.test.web.reactor.netty.DisableReactorResourceFactoryGlobalResourcesContextCustomizerFactory, org.springframework.boot.test.autoconfigure.OnFailureConditionReportContextCustomizerFactory, org.springframework.boot.test.autoconfigure.OverrideAutoConfigurationContextCustomizerFactory, org.springframework.boot.test.autoconfigure.actuate.observability.ObservabilityContextCustomizerFactory, org.springframework.boot.test.autoconfigure.filter.TypeExcludeFiltersContextCustomizerFactory, org.springframework.boot.test.autoconfigure.properties.PropertyMappingContextCustomizerFactory, org.springframework.boot.test.autoconfigure.web.servlet.WebDriverContextCustomizerFactory, org.springframework.test.context.bean.override.BeanOverrideContextCustomizerFactory, org.springframework.test.context.web.socket.MockServerContainerContextCustomizerFactory, org.springframework.test.context.support.DynamicPropertiesContextCustomizerFactory]
2025-12-01 10:59:06.800 [main] TRACE o.s.b.t.context.SpringBootTestContextBootstrapper-Using ContextCustomizerFactory implementations for test class [com.itxiaoyang.TliasWebManagementApplicationTests]: [org.springframework.boot.test.context.ImportsContextCustomizerFactory@101639ae, org.springframework.boot.test.context.filter.ExcludeFilterContextCustomizerFactory@4c550889, org.springframework.boot.test.graphql.tester.HttpGraphQlTesterContextCustomizerFactory@1d2bd371, org.springframework.boot.test.json.DuplicateJsonObjectContextCustomizerFactory@44040454, org.springframework.boot.test.mock.mockito.MockitoContextCustomizerFactory@65fe9e33, org.springframework.boot.test.web.client.TestRestTemplateContextCustomizerFactory@18bc345, org.springframework.boot.test.web.reactive.server.WebTestClientContextCustomizerFactory@42f8285e, org.springframework.boot.test.web.reactor.netty.DisableReactorResourceFactoryGlobalResourcesContextCustomizerFactory@26bab2f1, org.springframework.boot.test.autoconfigure.OnFailureConditionReportContextCustomizerFactory@3724af13, org.springframework.boot.test.autoconfigure.OverrideAutoConfigurationContextCustomizerFactory@68ead359, org.springframework.boot.test.autoconfigure.actuate.observability.ObservabilityContextCustomizerFactory@6b53bcc2, org.springframework.boot.test.autoconfigure.filter.TypeExcludeFiltersContextCustomizerFactory@180da663, org.springframework.boot.test.autoconfigure.properties.PropertyMappingContextCustomizerFactory@a43ce46, org.springframework.boot.test.autoconfigure.web.servlet.WebDriverContextCustomizerFactory@340da44c, org.springframework.test.context.bean.override.BeanOverrideContextCustomizerFactory@424ebba3, org.springframework.test.context.web.socket.MockServerContainerContextCustomizerFactory@37052337, org.springframework.test.context.support.DynamicPropertiesContextCustomizerFactory@2320fa6f]
2025-12-01 10:59:06.815 [main] TRACE o.s.b.t.context.SpringBootTestContextBootstrapper-Using ContextCustomizers for test class [com.itxiaoyang.TliasWebManagementApplicationTests]: [org.springframework.boot.test.context.filter.ExcludeFilterContextCustomizer@616fe72b, org.springframework.boot.test.json.DuplicateJsonObjectContextCustomizerFactory$DuplicateJsonObjectContextCustomizer@293a5f75, org.springframework.boot.test.mock.mockito.MockitoContextCustomizer@0, org.springframework.boot.test.web.client.TestRestTemplateContextCustomizer@c35172e, org.springframework.boot.test.web.reactor.netty.DisableReactorResourceFactoryGlobalResourcesContextCustomizerFactory$DisableReactorResourceFactoryGlobalResourcesContextCustomizerCustomizer@35e5d0e5, org.springframework.boot.test.autoconfigure.OnFailureConditionReportContextCustomizerFactory$OnFailureConditionReportContextCustomizer@655ef322, org.springframework.boot.test.autoconfigure.actuate.observability.ObservabilityContextCustomizerFactory$DisableObservabilityContextCustomizer@1f, org.springframework.boot.test.autoconfigure.properties.PropertyMappingContextCustomizer@0, org.springframework.boot.test.autoconfigure.web.servlet.WebDriverContextCustomizer@395b56bb, org.springframework.test.context.support.DynamicPropertiesContextCustomizer@0]
2025-12-01 10:59:06.819 [main] TRACE o.s.t.c.support.ApplicationContextInitializerUtils-Processing context initializers for configuration attributes [ContextConfigurationAttributes@52066604 declaringClass = com.itxiaoyang.TliasWebManagementApplicationTests, classes = [], locations = [], inheritLocations = false, initializers = [], inheritInitializers = true, name = null, contextLoaderClass = org.springframework.test.context.ContextLoader]
2025-12-01 10:59:06.821 [main] TRACE o.s.test.context.support.ActiveProfilesUtils-Could not find an 'annotation declaring class' for annotation type [org.springframework.test.context.ActiveProfiles] and class [com.itxiaoyang.TliasWebManagementApplicationTests]
2025-12-01 10:59:06.840 [main] TRACE o.s.c.i.s.PathMatchingResourcePatternResolver-Resolved module-path location pattern [com/itxiaoyang/*.class] to resources []
2025-12-01 10:59:06.840 [main] TRACE o.s.c.i.s.PathMatchingResourcePatternResolver-Resolved module-path location pattern [com/itxiaoyang/] to resources []
2025-12-01 10:59:06.842 [main] TRACE o.s.c.i.s.PathMatchingResourcePatternResolver-Resolved class path location [com/itxiaoyang/] to resources [file [D:\javalianxi\web-ai-code\web-ai-project02\tlias-web-management\target\test-classes\com\itxiaoyang], file [D:\javalianxi\web-ai-code\web-ai-project02\tlias-web-management\target\classes\com\itxiaoyang]]
2025-12-01 10:59:06.844 [main] TRACE o.s.c.i.s.PathMatchingResourcePatternResolver-Searching directory [D:\javalianxi\web-ai-code\web-ai-project02\tlias-web-management\target\test-classes\com\itxiaoyang] for files matching pattern [*.class]
2025-12-01 10:59:06.846 [main] TRACE o.s.c.i.s.PathMatchingResourcePatternResolver-Searching directory [D:\javalianxi\web-ai-code\web-ai-project02\tlias-web-management\target\classes\com\itxiaoyang] for files matching pattern [*.class]
2025-12-01 10:59:06.849 [main] TRACE o.s.c.i.s.PathMatchingResourcePatternResolver-Resolved location pattern [classpath*:com/itxiaoyang/*.class] to resources [file [D:\javalianxi\web-ai-code\web-ai-project02\tlias-web-management\target\test-classes\com\itxiaoyang\LogTest.class], file [D:\javalianxi\web-ai-code\web-ai-project02\tlias-web-management\target\test-classes\com\itxiaoyang\TliasWebManagementApplicationTests.class], file [D:\javalianxi\web-ai-code\web-ai-project02\tlias-web-management\target\classes\com\itxiaoyang\TliasWebManagementApplication.class]]
2025-12-01 10:59:06.849 [main] TRACE o.s.c.a.ClassPathScanningCandidateComponentProvider-Scanning file [D:\javalianxi\web-ai-code\web-ai-project02\tlias-web-management\target\test-classes\com\itxiaoyang\LogTest.class]
2025-12-01 10:59:06.858 [main] TRACE o.s.c.a.ClassPathScanningCandidateComponentProvider-Ignored because not matching any filter: file [D:\javalianxi\web-ai-code\web-ai-project02\tlias-web-management\target\test-classes\com\itxiaoyang\LogTest.class]
2025-12-01 10:59:06.858 [main] TRACE o.s.c.a.ClassPathScanningCandidateComponentProvider-Scanning file [D:\javalianxi\web-ai-code\web-ai-project02\tlias-web-management\target\test-classes\com\itxiaoyang\TliasWebManagementApplicationTests.class]
2025-12-01 10:59:06.859 [main] TRACE o.s.c.a.ClassPathScanningCandidateComponentProvider-Ignored because not matching any filter: file [D:\javalianxi\web-ai-code\web-ai-project02\tlias-web-management\target\test-classes\com\itxiaoyang\TliasWebManagementApplicationTests.class]
2025-12-01 10:59:06.859 [main] TRACE o.s.c.a.ClassPathScanningCandidateComponentProvider-Scanning file [D:\javalianxi\web-ai-code\web-ai-project02\tlias-web-management\target\classes\com\itxiaoyang\TliasWebManagementApplication.class]
2025-12-01 10:59:06.872 [main] DEBUG o.s.c.a.ClassPathScanningCandidateComponentProvider-Identified candidate component class: file [D:\javalianxi\web-ai-code\web-ai-project02\tlias-web-management\target\classes\com\itxiaoyang\TliasWebManagementApplication.class]
2025-12-01 10:59:06.872 [main] INFO  o.s.b.t.context.SpringBootTestContextBootstrapper-Found @SpringBootConfiguration com.itxiaoyang.TliasWebManagementApplication for test class com.itxiaoyang.TliasWebManagementApplicationTests
2025-12-01 10:59:06.929 [main] TRACE o.s.b.t.context.SpringBootTestContextBootstrapper-@TestExecutionListeners is not present for class [com.itxiaoyang.TliasWebManagementApplicationTests]: using defaults.
2025-12-01 10:59:06.929 [main] TRACE o.s.core.io.support.SpringFactoriesLoader-Loaded [org.springframework.test.context.TestExecutionListener] names: [org.springframework.boot.test.mock.mockito.MockitoTestExecutionListener, org.springframework.boot.test.mock.mockito.ResetMocksTestExecutionListener, org.springframework.boot.test.autoconfigure.restdocs.RestDocsTestExecutionListener, org.springframework.boot.test.autoconfigure.web.client.MockRestServiceServerResetTestExecutionListener, org.springframework.boot.test.autoconfigure.web.servlet.MockMvcPrintOnlyOnFailureTestExecutionListener, org.springframework.boot.test.autoconfigure.web.servlet.WebDriverTestExecutionListener, org.springframework.boot.test.autoconfigure.webservices.client.MockWebServiceServerTestExecutionListener, org.springframework.test.context.web.ServletTestExecutionListener, org.springframework.test.context.support.DirtiesContextBeforeModesTestExecutionListener, org.springframework.test.context.event.ApplicationEventsTestExecutionListener, org.springframework.test.context.bean.override.BeanOverrideTestExecutionListener, org.springframework.test.context.support.DependencyInjectionTestExecutionListener, org.springframework.test.context.observation.MicrometerObservationRegistryTestExecutionListener, org.springframework.test.context.support.DirtiesContextTestExecutionListener, org.springframework.test.context.support.CommonCachesTestExecutionListener, org.springframework.test.context.transaction.TransactionalTestExecutionListener, org.springframework.test.context.jdbc.SqlScriptsTestExecutionListener, org.springframework.test.context.event.EventPublishingTestExecutionListener, org.springframework.test.context.bean.override.mockito.MockitoResetTestExecutionListener]
2025-12-01 10:59:06.935 [main] DEBUG o.s.t.context.util.TestContextSpringFactoriesUtils-Skipping candidate TestExecutionListener [org.springframework.test.context.observation.MicrometerObservationRegistryTestExecutionListener] due to a missing dependency. Specify custom TestExecutionListener classes or make the default TestExecutionListener classes and their required dependencies available. Offending class: io.micrometer.context.ThreadLocalAccessor. MicrometerObservationRegistryTestExecutionListener requires io.micrometer:micrometer-observation:1.10.8 or higher and io.micrometer:context-propagation:1.0.3 or higher.
2025-12-01 10:59:06.941 [main] TRACE o.s.t.context.util.TestContextSpringFactoriesUtils-Loaded TestExecutionListener implementations from location [META-INF/spring.factories]: [org.springframework.test.context.web.ServletTestExecutionListener, org.springframework.test.context.support.DirtiesContextBeforeModesTestExecutionListener, org.springframework.test.context.event.ApplicationEventsTestExecutionListener, org.springframework.boot.test.mock.mockito.MockitoTestExecutionListener, org.springframework.test.context.bean.override.BeanOverrideTestExecutionListener, org.springframework.test.context.support.DependencyInjectionTestExecutionListener, org.springframework.test.context.support.DirtiesContextTestExecutionListener, org.springframework.test.context.support.CommonCachesTestExecutionListener, org.springframework.test.context.transaction.TransactionalTestExecutionListener, org.springframework.test.context.jdbc.SqlScriptsTestExecutionListener, org.springframework.test.context.event.EventPublishingTestExecutionListener, org.springframework.boot.test.mock.mockito.ResetMocksTestExecutionListener, org.springframework.boot.test.autoconfigure.restdocs.RestDocsTestExecutionListener, org.springframework.boot.test.autoconfigure.web.client.MockRestServiceServerResetTestExecutionListener, org.springframework.boot.test.autoconfigure.web.servlet.MockMvcPrintOnlyOnFailureTestExecutionListener, org.springframework.boot.test.autoconfigure.web.servlet.WebDriverTestExecutionListener, org.springframework.boot.test.autoconfigure.webservices.client.MockWebServiceServerTestExecutionListener, org.springframework.test.context.bean.override.mockito.MockitoResetTestExecutionListener]
2025-12-01 10:59:06.941 [main] TRACE o.s.b.t.context.SpringBootTestContextBootstrapper-Using TestExecutionListeners for test class [com.itxiaoyang.TliasWebManagementApplicationTests]: [org.springframework.test.context.web.ServletTestExecutionListener@5149f008, org.springframework.test.context.support.DirtiesContextBeforeModesTestExecutionListener@7072bc39, org.springframework.test.context.event.ApplicationEventsTestExecutionListener@158d255c, org.springframework.boot.test.mock.mockito.MockitoTestExecutionListener@2ca65ce4, org.springframework.test.context.bean.override.BeanOverrideTestExecutionListener@327120c8, org.springframework.test.context.support.DependencyInjectionTestExecutionListener@5707c1cb, org.springframework.test.context.support.DirtiesContextTestExecutionListener@2b5cb9b2, org.springframework.test.context.support.CommonCachesTestExecutionListener@35038141, org.springframework.test.context.transaction.TransactionalTestExecutionListener@ecf9049, org.springframework.test.context.jdbc.SqlScriptsTestExecutionListener@672f11c2, org.springframework.test.context.event.EventPublishingTestExecutionListener@2970a5bc, org.springframework.boot.test.mock.mockito.ResetMocksTestExecutionListener@50305a, org.springframework.boot.test.autoconfigure.restdocs.RestDocsTestExecutionListener@72efb5c1, org.springframework.boot.test.autoconfigure.web.client.MockRestServiceServerResetTestExecutionListener@6d511b5f, org.springframework.boot.test.autoconfigure.web.servlet.MockMvcPrintOnlyOnFailureTestExecutionListener@41200e0c, org.springframework.boot.test.autoconfigure.web.servlet.WebDriverTestExecutionListener@40f33492, org.springframework.boot.test.autoconfigure.webservices.client.MockWebServiceServerTestExecutionListener@4fbdc0f0, org.springframework.test.context.bean.override.mockito.MockitoResetTestExecutionListener@2ad3a1bb]
2025-12-01 10:59:06.942 [main] TRACE o.springframework.test.context.TestContextManager-Registering TestExecutionListener: org.springframework.test.context.web.ServletTestExecutionListener
2025-12-01 10:59:06.942 [main] TRACE o.springframework.test.context.TestContextManager-Registering TestExecutionListener: org.springframework.test.context.support.DirtiesContextBeforeModesTestExecutionListener
2025-12-01 10:59:06.942 [main] TRACE o.springframework.test.context.TestContextManager-Registering TestExecutionListener: org.springframework.test.context.event.ApplicationEventsTestExecutionListener
2025-12-01 10:59:06.942 [main] TRACE o.springframework.test.context.TestContextManager-Registering TestExecutionListener: org.springframework.boot.test.mock.mockito.MockitoTestExecutionListener
2025-12-01 10:59:06.942 [main] TRACE o.springframework.test.context.TestContextManager-Registering TestExecutionListener: org.springframework.test.context.bean.override.BeanOverrideTestExecutionListener
2025-12-01 10:59:06.942 [main] TRACE o.springframework.test.context.TestContextManager-Registering TestExecutionListener: org.springframework.test.context.support.DependencyInjectionTestExecutionListener
2025-12-01 10:59:06.942 [main] TRACE o.springframework.test.context.TestContextManager-Registering TestExecutionListener: org.springframework.test.context.support.DirtiesContextTestExecutionListener
2025-12-01 10:59:06.942 [main] TRACE o.springframework.test.context.TestContextManager-Registering TestExecutionListener: org.springframework.test.context.support.CommonCachesTestExecutionListener
2025-12-01 10:59:06.942 [main] TRACE o.springframework.test.context.TestContextManager-Registering TestExecutionListener: org.springframework.test.context.transaction.TransactionalTestExecutionListener
2025-12-01 10:59:06.942 [main] TRACE o.springframework.test.context.TestContextManager-Registering TestExecutionListener: org.springframework.test.context.jdbc.SqlScriptsTestExecutionListener
2025-12-01 10:59:06.942 [main] TRACE o.springframework.test.context.TestContextManager-Registering TestExecutionListener: org.springframework.test.context.event.EventPublishingTestExecutionListener
2025-12-01 10:59:06.942 [main] TRACE o.springframework.test.context.TestContextManager-Registering TestExecutionListener: org.springframework.boot.test.mock.mockito.ResetMocksTestExecutionListener
2025-12-01 10:59:06.942 [main] TRACE o.springframework.test.context.TestContextManager-Registering TestExecutionListener: org.springframework.boot.test.autoconfigure.restdocs.RestDocsTestExecutionListener
2025-12-01 10:59:06.942 [main] TRACE o.springframework.test.context.TestContextManager-Registering TestExecutionListener: org.springframework.boot.test.autoconfigure.web.client.MockRestServiceServerResetTestExecutionListener
2025-12-01 10:59:06.942 [main] TRACE o.springframework.test.context.TestContextManager-Registering TestExecutionListener: org.springframework.boot.test.autoconfigure.web.servlet.MockMvcPrintOnlyOnFailureTestExecutionListener
2025-12-01 10:59:06.942 [main] TRACE o.springframework.test.context.TestContextManager-Registering TestExecutionListener: org.springframework.boot.test.autoconfigure.web.servlet.WebDriverTestExecutionListener
2025-12-01 10:59:06.942 [main] TRACE o.springframework.test.context.TestContextManager-Registering TestExecutionListener: org.springframework.boot.test.autoconfigure.webservices.client.MockWebServiceServerTestExecutionListener
2025-12-01 10:59:06.942 [main] TRACE o.springframework.test.context.TestContextManager-Registering TestExecutionListener: org.springframework.test.context.bean.override.mockito.MockitoResetTestExecutionListener
2025-12-01 10:59:06.944 [main] TRACE o.springframework.test.context.TestContextManager-beforeTestClass(): class [com.itxiaoyang.TliasWebManagementApplicationTests]
2025-12-01 10:59:06.945 [main] TRACE o.s.t.c.s.DirtiesContextBeforeModesTestExecutionListener-Before test class: context [DefaultTestContext@70d2e40b testClass = com.itxiaoyang.TliasWebManagementApplicationTests, testInstance = null, testMethod = null, testException = null, mergedContextConfiguration = [WebMergedContextConfiguration@120f38e6 testClass = com.itxiaoyang.TliasWebManagementApplicationTests, locations = [], classes = [com.itxiaoyang.TliasWebManagementApplication], contextInitializerClasses = [], activeProfiles = [], propertySourceDescriptors = [], propertySourceProperties = ["org.springframework.boot.test.context.SpringBootTestContextBootstrapper=true"], contextCustomizers = [org.springframework.boot.test.context.filter.ExcludeFilterContextCustomizer@616fe72b, org.springframework.boot.test.json.DuplicateJsonObjectContextCustomizerFactory$DuplicateJsonObjectContextCustomizer@293a5f75, org.springframework.boot.test.mock.mockito.MockitoContextCustomizer@0, org.springframework.boot.test.web.client.TestRestTemplateContextCustomizer@c35172e, org.springframework.boot.test.web.reactor.netty.DisableReactorResourceFactoryGlobalResourcesContextCustomizerFactory$DisableReactorResourceFactoryGlobalResourcesContextCustomizerCustomizer@35e5d0e5, org.springframework.boot.test.autoconfigure.OnFailureConditionReportContextCustomizerFactory$OnFailureConditionReportContextCustomizer@655ef322, org.springframework.boot.test.autoconfigure.actuate.observability.ObservabilityContextCustomizerFactory$DisableObservabilityContextCustomizer@1f, org.springframework.boot.test.autoconfigure.properties.PropertyMappingContextCustomizer@0, org.springframework.boot.test.autoconfigure.web.servlet.WebDriverContextCustomizer@395b56bb, org.springframework.test.context.support.DynamicPropertiesContextCustomizer@0, org.springframework.boot.test.context.SpringBootTestAnnotation@62d97995], resourceBasePath = "src/main/webapp", contextLoader = org.springframework.boot.test.context.SpringBootContextLoader, parent = null], attributes = {"org.springframework.test.context.web.ServletTestExecutionListener.activateListener" -> true}], class annotated with @DirtiesContext [false] with mode [null]
2025-12-01 10:59:06.948 [main] TRACE o.springframework.test.context.TestContextManager-prepareTestInstance(): instance [com.itxiaoyang.TliasWebManagementApplicationTests@5bd1ceca]
2025-12-01 10:59:06.953 [main] TRACE o.s.core.io.support.SpringFactoriesLoader-Loaded [org.springframework.boot.BootstrapRegistryInitializer] names: []
2025-12-01 10:59:06.954 [main] TRACE o.s.core.io.support.SpringFactoriesLoader-Loaded [org.springframework.context.ApplicationContextInitializer] names: [org.springframework.boot.context.ConfigurationWarningsApplicationContextInitializer, org.springframework.boot.context.ContextIdApplicationContextInitializer, org.springframework.boot.io.ProtocolResolverApplicationContextInitializer, org.springframework.boot.rsocket.context.RSocketPortInfoApplicationContextInitializer, org.springframework.boot.web.context.ServerPortInfoApplicationContextInitializer, org.springframework.boot.autoconfigure.SharedMetadataReaderFactoryContextInitializer, org.springframework.boot.autoconfigure.logging.ConditionEvaluationReportLoggingListener, org.springframework.boot.test.context.filter.ExcludeFilterApplicationContextInitializer]
2025-12-01 10:59:06.958 [main] TRACE o.s.core.io.support.SpringFactoriesLoader-Loaded [org.springframework.context.ApplicationListener] names: [org.springframework.boot.ClearCachesApplicationListener, org.springframework.boot.builder.ParentContextCloserApplicationListener, org.springframework.boot.context.FileEncodingApplicationListener, org.springframework.boot.context.config.AnsiOutputApplicationListener, org.springframework.boot.context.logging.LoggingApplicationListener, org.springframework.boot.env.EnvironmentPostProcessorApplicationListener, org.springframework.boot.autoconfigure.BackgroundPreinitializer]
2025-12-01 10:59:06.971 [main] TRACE o.s.core.io.support.SpringFactoriesLoader-Loaded [org.springframework.boot.SpringApplicationRunListener] names: [org.springframework.boot.context.event.EventPublishingRunListener]
2025-12-01 10:59:06.976 [main] TRACE o.s.core.io.support.SpringFactoriesLoader-Loaded [org.springframework.boot.logging.LoggingSystemFactory] names: [org.springframework.boot.logging.java.JavaLoggingSystem$Factory, org.springframework.boot.logging.log4j2.Log4J2LoggingSystem$Factory, org.springframework.boot.logging.logback.LogbackLoggingSystem$Factory]

  .   ____          _            __ _ _
 /\\ / ___'_ __ _ _(_)_ __  __ _ \ \ \ \
( ( )\___ | '_ | '_| | '_ \/ _` | \ \ \ \
 \\/  ___)| |_)| | | | | || (_| |  ) ) ) )
  '  |____| .__|_| |_|_| |_\__, | / / / /
 =========|_|==============|___/=/_/_/_/

 :: Spring Boot ::               (v3.4.12)

2025-12-01 10:59:07.186 [main] INFO  com.itxiaoyang.TliasWebManagementApplicationTests-Starting TliasWebManagementApplicationTests using Java 17.0.2 with PID 20776 (started by 17109 in D:\javalianxi\web-ai-code\web-ai-project02\tlias-web-management)
2025-12-01 10:59:07.187 [main] INFO  com.itxiaoyang.TliasWebManagementApplicationTests-No active profile set, falling back to 1 default profile: "default"
Logging initialized using 'class org.apache.ibatis.logging.stdout.StdOutImpl' adapter.
2025-12-01 10:59:08.761 [main] INFO  com.itxiaoyang.TliasWebManagementApplicationTests-Started TliasWebManagementApplicationTests in 1.79 seconds (process running for 2.71)
]]></system-out>
  </testcase>
</testsuite>